
R version 3.2.2 (2015-08-14) -- "Fire Safety"
Copyright (C) 2015 The R Foundation for Statistical Computing
Platform: x86_64-pc-linux-gnu (64-bit)

R is free software and comes with ABSOLUTELY NO WARRANTY.
You are welcome to redistribute it under certain conditions.
Type 'license()' or 'licence()' for distribution details.

  Natural language support but running in an English locale

R is a collaborative project with many contributors.
Type 'contributors()' for more information and
'citation()' on how to cite R or R packages in publications.

Type 'demo()' for some demos, 'help()' for on-line help, or
'help.start()' for an HTML browser interface to help.
Type 'q()' to quit R.

> library(Rcpp)
> library(data.table)
> 
> source('bigRfit.r')
> source('tauhatB.r')
> 
> N <- 10000
> p <- 20
> y <- rnorm(N)
> x <- matrix(rnorm(N*p),ncol=p)
> 
> system.time(fit0<-rfit(y~x))
   user  system elapsed 
  1.384   0.016   1.399 
> system.time(fit1<-bigRfit(x,y))
   user  system elapsed 
  0.212   0.004   0.216 
> 
> fit0$coef
 (Intercept)           x1           x2           x3           x4           x5 
-0.035520500  0.002614755  0.019429393  0.008923353 -0.013968346  0.023648354 
          x6           x7           x8           x9          x10          x11 
-0.017476458  0.016706614 -0.010131743  0.011887988 -0.004462515  0.002708439 
         x12          x13          x14          x15          x16          x17 
 0.010632875 -0.003927177 -0.013060541 -0.013201875 -0.008581588  0.008825091 
         x18          x19          x20 
 0.007058628  0.014236400 -0.007382489 
> fit1$coef
 [1] -0.035268303  0.002628498  0.019429553  0.008941914 -0.013971211
 [6]  0.023652720 -0.017476946  0.016708879 -0.010121237  0.011890939
[11] -0.004478488  0.002716440  0.010633506 -0.003939179 -0.013059371
[16] -0.013189662 -0.008599160  0.008818434  0.007065530  0.014257418
[21] -0.007368870
> 
> N <- 50000
> p <- 40
> y <- rnorm(N)
> x <- matrix(rnorm(N*p),ncol=p)
> 
> system.time(fit0<-rfit(y~x))
   user  system elapsed 
 31.212   0.120  31.347 
> system.time(fit1<-bigRfit(x,y))
   user  system elapsed 
  0.476   0.004   0.480 
> 
